<?xml version="1.0" encoding="UTF-8"?>
<testsuite xmlns:xsi="http://www.w3.org/2001/XMLSchema-instance" xsi:noNamespaceSchemaLocation="https://maven.apache.org/surefire/maven-surefire-plugin/xsd/surefire-test-report.xsd" version="3.0.2" name="TestSuite" time="109.204" tests="24" errors="0" skipped="0" failures="0">
  <properties>
[...]
</properties>
  <testcase name="A" classname="testNGEx.DemoNG" time="0.006">
    <system-out><![CDATA[Before Suite
Before Test
Hi
]]></system-out>
    <system-err><![CDATA[SLF4J(W): No SLF4J providers were found.
SLF4J(W): Defaulting to no-operation (NOP) logger implementation
SLF4J(W): See https://www.slf4j.org/codes.html#noProviders for further details.
Apr 20, 2026 3:50:52 PM org.openqa.selenium.devtools.CdpVersionFinder findNearestMatch
WARNING: Unable to find an exact match for CDP version 147, returning the closest version; found: 145; Please update to a Selenium version that supports CDP version 147
]]></system-err>
  </testcase>
  <testcase name="LoginWrong" classname="testNGEx.Test_Assertions" time="4.812">
    <system-err><![CDATA[Apr 20, 2026 3:50:57 PM org.openqa.selenium.devtools.CdpVersionFinder findNearestMatch
WARNING: Unable to find an exact match for CDP version 147, returning the closest version; found: 145; Please update to a Selenium version that supports CDP version 147
]]></system-err>
  </testcase>
  <testcase name="PasswordWrong" classname="testNGEx.Test_Assertions" time="1.869">
    <system-err><![CDATA[Apr 20, 2026 3:51:17 PM org.openqa.selenium.devtools.CdpVersionFinder findNearestMatch
WARNING: Unable to find an exact match for CDP version 147, returning the closest version; found: 145; Please update to a Selenium version that supports CDP version 147
]]></system-err>
  </testcase>
  <testcase name="valid" classname="testNGEx.Test_Assertions" time="2.802">
    <system-err><![CDATA[Apr 20, 2026 3:51:38 PM org.openqa.selenium.devtools.CdpVersionFinder findNearestMatch
WARNING: Unable to find an exact match for CDP version 147, returning the closest version; found: 145; Please update to a Selenium version that supports CDP version 147
]]></system-err>
  </testcase>
  <testcase name="LoginWrong" classname="testNGEx.AssertDemo" time="1.881">
    <system-err><![CDATA[Apr 20, 2026 3:51:07 PM org.openqa.selenium.devtools.CdpVersionFinder findNearestMatch
WARNING: Unable to find an exact match for CDP version 147, returning the closest version; found: 145; Please update to a Selenium version that supports CDP version 147
]]></system-err>
  </testcase>
  <testcase name="PasswordWrong" classname="testNGEx.AssertDemo" time="1.822">
    <system-err><![CDATA[Apr 20, 2026 3:51:23 PM org.openqa.selenium.devtools.CdpVersionFinder findNearestMatch
WARNING: Unable to find an exact match for CDP version 147, returning the closest version; found: 145; Please update to a Selenium version that supports CDP version 147
]]></system-err>
  </testcase>
  <testcase name="valid" classname="testNGEx.AssertDemo" time="3.497">
    <system-err><![CDATA[Apr 20, 2026 3:51:44 PM org.openqa.selenium.devtools.CdpVersionFinder findNearestMatch
WARNING: Unable to find an exact match for CDP version 147, returning the closest version; found: 145; Please update to a Selenium version that supports CDP version 147
]]></system-err>
  </testcase>
  <testcase name="PasswordWrong" classname="testNGEx.GroupsFormatting" time="0.643">
    <system-err><![CDATA[Apr 20, 2026 3:51:12 PM org.openqa.selenium.devtools.CdpVersionFinder findNearestMatch
WARNING: Unable to find an exact match for CDP version 147, returning the closest version; found: 145; Please update to a Selenium version that supports CDP version 147
]]></system-err>
  </testcase>
  <testcase name="Valid" classname="testNGEx.GroupsFormatting" time="0.86">
    <system-out><![CDATA[After Method
After class
]]></system-out>
    <system-err><![CDATA[Apr 20, 2026 3:51:29 PM org.openqa.selenium.devtools.CdpVersionFinder findNearestMatch
WARNING: Unable to find an exact match for CDP version 147, returning the closest version; found: 145; Please update to a Selenium version that supports CDP version 147
]]></system-err>
  </testcase>
  <testcase name="LoginWrong" classname="testNGEx.GroupsFormatting" time="0.823">
    <system-err><![CDATA[Apr 20, 2026 3:51:33 PM org.openqa.selenium.devtools.CdpVersionFinder findNearestMatch
WARNING: Unable to find an exact match for CDP version 147, returning the closest version; found: 145; Please update to a Selenium version that supports CDP version 147
]]></system-err>
  </testcase>
  <testcase name="Test" classname="testNGEx.DemoBeforeAfter" time="0.0">
    <system-out><![CDATA[Before class
Before Method
Logout to the Application
]]></system-out>
  </testcase>
  <testcase name="Testlogin" classname="testNGEx.DemoBeforeAfter" time="0.0">
    <system-out><![CDATA[After Method
Before Method
Login to the Application
]]></system-out>
  </testcase>
  <testcase name="testAssertion" classname="testNGEx.Assertion" time="0.003">
    <system-out><![CDATA[True Assertion is successful
False Assertion is successful
Not Null Assertion is successful
Same assertion is successfull
Same assertion is not Successfull
]]></system-out>
  </testcase>
  <testcase name="validation" classname="testNGEx.dependsonMethodTest" time="3.039">
    <system-err><![CDATA[Apr 20, 2026 3:51:52 PM org.openqa.selenium.devtools.CdpVersionFinder findNearestMatch
WARNING: Unable to find an exact match for CDP version 147, returning the closest version; found: 145; Please update to a Selenium version that supports CDP version 147
]]></system-err>
  </testcase>
  <testcase name="validation_1" classname="testNGEx.dependsonMethodTest" time="1.224">
    <system-err><![CDATA[Apr 20, 2026 3:52:01 PM org.openqa.selenium.devtools.CdpVersionFinder findNearestMatch
WARNING: Unable to find an exact match for CDP version 147, returning the closest version; found: 145; Please update to a Selenium version that supports CDP version 147
]]></system-err>
  </testcase>
  <testcase name="validation_2" classname="testNGEx.dependsonMethodTest" time="1.243">
    <system-err><![CDATA[Apr 20, 2026 3:52:06 PM org.openqa.selenium.devtools.CdpVersionFinder findNearestMatch
WARNING: Unable to find an exact match for CDP version 147, returning the closest version; found: 145; Please update to a Selenium version that supports CDP version 147
]]></system-err>
  </testcase>
  <testcase name="validation" classname="testNGEx.NewTest" time="0.543"/>
  <testcase name="Valid" classname="testNGEx.IgnoreTest$Demoblaze1" time="0.671">
    <system-err><![CDATA[Apr 20, 2026 3:52:11 PM org.openqa.selenium.devtools.CdpVersionFinder findNearestMatch
WARNING: Unable to find an exact match for CDP version 147, returning the closest version; found: 145; Please update to a Selenium version that supports CDP version 147
]]></system-err>
  </testcase>
  <testcase name="PasswordWrong" classname="testNGEx.IgnoreTest$Demoblaze1" time="0.63">
    <system-err><![CDATA[Apr 20, 2026 3:52:23 PM org.openqa.selenium.devtools.CdpVersionFinder findNearestMatch
WARNING: Unable to find an exact match for CDP version 147, returning the closest version; found: 145; Please update to a Selenium version that supports CDP version 147
]]></system-err>
  </testcase>
  <testcase name="Valid" classname="testNGEx.EnabledTest" time="0.725">
    <system-err><![CDATA[Apr 20, 2026 3:52:15 PM org.openqa.selenium.devtools.CdpVersionFinder findNearestMatch
WARNING: Unable to find an exact match for CDP version 147, returning the closest version; found: 145; Please update to a Selenium version that supports CDP version 147
]]></system-err>
  </testcase>
  <testcase name="LoginWrong" classname="testNGEx.EnabledTest" time="0.648">
    <system-err><![CDATA[Apr 20, 2026 3:52:32 PM org.openqa.selenium.devtools.CdpVersionFinder findNearestMatch
WARNING: Unable to find an exact match for CDP version 147, returning the closest version; found: 145; Please update to a Selenium version that supports CDP version 147
]]></system-err>
  </testcase>
  <testcase name="Valid" classname="testNGEx.Demoblaze" time="0.705">
    <system-err><![CDATA[Apr 20, 2026 3:52:19 PM org.openqa.selenium.devtools.CdpVersionFinder findNearestMatch
WARNING: Unable to find an exact match for CDP version 147, returning the closest version; found: 145; Please update to a Selenium version that supports CDP version 147
]]></system-err>
  </testcase>
  <testcase name="PasswordWrong" classname="testNGEx.Demoblaze" time="0.615">
    <system-err><![CDATA[Apr 20, 2026 3:52:28 PM org.openqa.selenium.devtools.CdpVersionFinder findNearestMatch
WARNING: Unable to find an exact match for CDP version 147, returning the closest version; found: 145; Please update to a Selenium version that supports CDP version 147
]]></system-err>
  </testcase>
  <testcase name="LoginWrong" classname="testNGEx.Demoblaze" time="0.559">
    <system-err><![CDATA[Apr 20, 2026 3:52:36 PM org.openqa.selenium.devtools.CdpVersionFinder findNearestMatch
WARNING: Unable to find an exact match for CDP version 147, returning the closest version; found: 145; Please update to a Selenium version that supports CDP version 147
]]></system-err>
  </testcase>
</testsuite>