<?xml version="1.0" encoding="UTF-8"?>
<testng-results ignored="0" total="1" passed="0" failed="1" skipped="0">
  <reporter-output>
  </reporter-output>
  <suite started-at="2026-05-07T00:37:15 IST" name="Default suite" finished-at="2026-05-07T00:37:36 IST" duration-ms="21036">
    <groups>
      <group name="cucumber">
        <method signature="AbstractTestNGCucumberTests.runScenario(io.cucumber.testng.PickleWrapper,io.cucumber.testng.FeatureWrapper)[pri:0, instance:runner.TestNGRunner@194fad1]" name="runScenario" class="io.cucumber.testng.AbstractTestNGCucumberTests"/>
      </group> <!-- cucumber -->
    </groups>
    <test started-at="2026-05-07T00:37:15 IST" name="Default test" finished-at="2026-05-07T00:37:36 IST" duration-ms="21036">
      <class name="runner.TestNGRunner">
        <test-method is-config="true" signature="setUpClass(org.testng.ITestContext)[pri:0, instance:runner.TestNGRunner@194fad1]" started-at="2026-05-07T00:37:15 IST" name="setUpClass" finished-at="2026-05-07T00:37:16 IST" duration-ms="1327" status="PASS">
          <params>
            <param index="0">
              <value>
                <![CDATA[org.testng.TestRunner@6a094db2]]>
              </value>
            </param>
          </params>
          <reporter-output>
          </reporter-output>
        </test-method> <!-- setUpClass -->
        <test-method signature="runScenario(io.cucumber.testng.PickleWrapper,io.cucumber.testng.FeatureWrapper)[pri:0, instance:runner.TestNGRunner@194fad1]" started-at="2026-05-07T00:37:16 IST" name="runScenario" description="Runs Cucumber Scenarios" data-provider="scenarios" finished-at="2026-05-07T00:37:36 IST" duration-ms="19598" status="FAIL">
          <params>
            <param index="0">
              <value>
                <![CDATA["Register with valid user details - DataTable without header"]]>
              </value>
            </param>
            <param index="1">
              <value>
                <![CDATA["Register user in TutorialsNinja"]]>
              </value>
            </param>
          </params>
          <exception class="java.lang.AssertionError">
            <message>
              <![CDATA[Account creation failed]]>
            </message>
            <full-stacktrace>
              <![CDATA[java.lang.AssertionError: Account creation failed
at stepDefinitions.LoginTutorialsStepDefinition.user_account_should_be_created_successfully(LoginTutorialsStepDefinition.java:86)
at ✽.User account should be created successfully(file:///C:/Selenium/Tutorils/src/test/resources/com/features/LoginTutorials.feature:12)
]]>
            </full-stacktrace>
          </exception> <!-- java.lang.AssertionError -->
          <reporter-output>
          </reporter-output>
        </test-method> <!-- runScenario -->
        <test-method is-config="true" signature="tearDownClass()[pri:0, instance:runner.TestNGRunner@194fad1]" started-at="2026-05-07T00:37:36 IST" name="tearDownClass" finished-at="2026-05-07T00:37:36 IST" duration-ms="25" status="PASS">
          <reporter-output>
          </reporter-output>
        </test-method> <!-- tearDownClass -->
      </class> <!-- runner.TestNGRunner -->
    </test> <!-- Default test -->
  </suite> <!-- Default suite -->
</testng-results>
