<?xml version="1.0" encoding="UTF-8"?>
<!-- Generated by org.testng.reporters.JUnitReportReporter -->
<testsuite hostname="LAPTOP-EJPGAELM" failures="0" tests="3" name="runner.RunnerCucumber" time="17.820" errors="0" timestamp="2026-05-05T14:11:24 IST" skipped="0">
  <testcase classname="runner.RunnerCucumber" name="runScenario" time="5.289"/>
  <testcase classname="runner.RunnerCucumber" name="runScenario" time="8.029"/>
  <testcase classname="runner.RunnerCucumber" name="runScenario" time="4.502"/>
</testsuite> <!-- runner.RunnerCucumber -->
