<?xml version="1.0" encoding="UTF-8"?>
<testng-results ignored="0" total="1" passed="1" failed="0" skipped="0">
  <reporter-output>
  </reporter-output>
  <suite started-at="2026-04-28T20:06:17 IST" name="Default suite" finished-at="2026-04-28T20:06:18 IST" duration-ms="112">
    <groups>
    </groups>
    <test started-at="2026-04-28T20:06:17 IST" name="Default test" finished-at="2026-04-28T20:06:18 IST" duration-ms="112">
      <class name="com.tests.BaseTest">
        <test-method signature="f()[pri:0, instance:com.tests.BaseTest@6fa51cd4]" started-at="2026-04-28T20:06:18 IST" name="f" finished-at="2026-04-28T20:06:18 IST" duration-ms="19" status="PASS">
          <reporter-output>
          </reporter-output>
        </test-method> <!-- f -->
      </class> <!-- com.tests.BaseTest -->
    </test> <!-- Default test -->
  </suite> <!-- Default suite -->
</testng-results>
