<?xml version="1.0" encoding="UTF-8"?>
<!-- Generated by org.testng.reporters.JUnitXMLReporter -->
<testsuite ignored="0" hostname="LAPTOP-EJPGAELM" failures="0" tests="3" name="Default test" time="13.254" errors="0" timestamp="2026-04-27T20:26:46 IST">
  <testcase classname="com.tests.LoginTest" name="invalidLogin" time="1.998"/>
  <testcase classname="com.tests.LoginTest" name="invalidLogin" time="1.96"/>
  <testcase classname="com.tests.LoginTest" name="validLogin" time="3.411"/>
</testsuite> <!-- Default test -->
