<?xml version="1.0" encoding="UTF-8"?>
<!-- Generated by org.testng.reporters.JUnitXMLReporter -->
<testsuite ignored="0" hostname="LAPTOP-EJPGAELM" failures="0" tests="3" name="Default test" time="16.252" errors="0" timestamp="2026-04-22T09:32:07 IST">
  <testcase classname="com.tests.LoginTest" name="invalidLogin" time="2.437"/>
  <testcase classname="com.tests.LoginTest" name="invalidLogin" time="2.505"/>
  <testcase classname="com.tests.LoginTest" name="validLogin" time="2.838"/>
</testsuite> <!-- Default test -->
