<?xml version="1.0" encoding="UTF-8"?>
<testng-results ignored="0" total="3" passed="3" failed="0" skipped="0">
  <reporter-output>
  </reporter-output>
  <suite started-at="2026-04-27T20:26:33 IST" name="Default suite" finished-at="2026-04-27T20:26:46 IST" duration-ms="13254">
    <groups>
    </groups>
    <test started-at="2026-04-27T20:26:33 IST" name="Default test" finished-at="2026-04-27T20:26:46 IST" duration-ms="13254">
      <class name="com.tests.LoginTest">
        <test-method is-config="true" signature="setup()[pri:0, instance:com.tests.LoginTest@14028087]" started-at="2026-04-27T20:26:34 IST" name="setup" finished-at="2026-04-27T20:26:38 IST" duration-ms="3893" status="PASS">
          <reporter-output>
          </reporter-output>
        </test-method> <!-- setup -->
        <test-method is-config="true" signature="setup()[pri:0, instance:com.tests.LoginTest@14028087]" started-at="2026-04-27T20:26:34 IST" name="setup" finished-at="2026-04-27T20:26:38 IST" duration-ms="4169" status="PASS">
          <reporter-output>
          </reporter-output>
        </test-method> <!-- setup -->
        <test-method signature="invalidLogin(java.lang.String,java.lang.String)[pri:0, instance:com.tests.LoginTest@14028087]" started-at="2026-04-27T20:26:38 IST" name="invalidLogin" data-provider="invalidData" finished-at="2026-04-27T20:26:40 IST" duration-ms="1998" status="PASS">
          <params>
            <param index="0">
              <value>
                <![CDATA[KiotAdmin]]>
              </value>
            </param>
            <param index="1">
              <value>
                <![CDATA[Kiot123]]>
              </value>
            </param>
          </params>
          <reporter-output>
          </reporter-output>
        </test-method> <!-- invalidLogin -->
        <test-method signature="invalidLogin(java.lang.String,java.lang.String)[pri:0, instance:com.tests.LoginTest@14028087]" started-at="2026-04-27T20:26:38 IST" name="invalidLogin" data-provider="invalidData" finished-at="2026-04-27T20:26:40 IST" duration-ms="1960" status="PASS">
          <params>
            <param index="0">
              <value>
                <![CDATA[Kiot]]>
              </value>
            </param>
            <param index="1">
              <value>
                <![CDATA[Kiot@123]]>
              </value>
            </param>
          </params>
          <reporter-output>
          </reporter-output>
        </test-method> <!-- invalidLogin -->
        <test-method is-config="true" signature="tearDown()[pri:0, instance:com.tests.LoginTest@14028087]" started-at="2026-04-27T20:26:40 IST" name="tearDown" finished-at="2026-04-27T20:26:40 IST" duration-ms="237" status="PASS">
          <reporter-output>
          </reporter-output>
        </test-method> <!-- tearDown -->
        <test-method is-config="true" signature="tearDown()[pri:0, instance:com.tests.LoginTest@14028087]" started-at="2026-04-27T20:26:40 IST" name="tearDown" finished-at="2026-04-27T20:26:41 IST" duration-ms="322" status="PASS">
          <reporter-output>
          </reporter-output>
        </test-method> <!-- tearDown -->
        <test-method is-config="true" signature="setup()[pri:0, instance:com.tests.LoginTest@14028087]" started-at="2026-04-27T20:26:41 IST" name="setup" finished-at="2026-04-27T20:26:43 IST" duration-ms="2159" status="PASS">
          <reporter-output>
          </reporter-output>
        </test-method> <!-- setup -->
        <test-method signature="validLogin(java.lang.String,java.lang.String)[pri:0, instance:com.tests.LoginTest@14028087]" started-at="2026-04-27T20:26:43 IST" name="validLogin" data-provider="validData" finished-at="2026-04-27T20:26:46 IST" duration-ms="3411" status="PASS">
          <params>
            <param index="0">
              <value>
                <![CDATA[KiotAdmin]]>
              </value>
            </param>
            <param index="1">
              <value>
                <![CDATA[Kiot@123]]>
              </value>
            </param>
          </params>
          <reporter-output>
          </reporter-output>
        </test-method> <!-- validLogin -->
        <test-method is-config="true" signature="tearDown()[pri:0, instance:com.tests.LoginTest@14028087]" started-at="2026-04-27T20:26:46 IST" name="tearDown" finished-at="2026-04-27T20:26:46 IST" duration-ms="254" status="PASS">
          <reporter-output>
          </reporter-output>
        </test-method> <!-- tearDown -->
      </class> <!-- com.tests.LoginTest -->
    </test> <!-- Default test -->
  </suite> <!-- Default suite -->
</testng-results>
