<?xml version="1.0" encoding="UTF-8"?>
<testng-results ignored="0" total="3" passed="3" failed="0" skipped="0">
  <reporter-output>
  </reporter-output>
  <suite started-at="2026-04-22T09:31:50 IST" name="Default suite" finished-at="2026-04-22T09:32:07 IST" duration-ms="16252">
    <groups>
    </groups>
    <test started-at="2026-04-22T09:31:50 IST" name="Default test" finished-at="2026-04-22T09:32:07 IST" duration-ms="16252">
      <class name="com.tests.LoginTest">
        <test-method is-config="true" signature="setup()[pri:0, instance:com.tests.LoginTest@14028087]" started-at="2026-04-22T09:31:52 IST" name="setup" finished-at="2026-04-22T09:31:58 IST" duration-ms="6482" status="PASS">
          <reporter-output>
          </reporter-output>
        </test-method> <!-- setup -->
        <test-method is-config="true" signature="setup()[pri:0, instance:com.tests.LoginTest@14028087]" started-at="2026-04-22T09:31:52 IST" name="setup" finished-at="2026-04-22T09:31:58 IST" duration-ms="6414" status="PASS">
          <reporter-output>
          </reporter-output>
        </test-method> <!-- setup -->
        <test-method signature="invalidLogin(java.lang.String,java.lang.String)[pri:0, instance:com.tests.LoginTest@14028087]" started-at="2026-04-22T09:31:58 IST" name="invalidLogin" data-provider="invalidData" finished-at="2026-04-22T09:32:01 IST" duration-ms="2505" status="PASS">
          <params>
            <param index="0">
              <value>
                <![CDATA[KiotAdmin]]>
              </value>
            </param>
            <param index="1">
              <value>
                <![CDATA[Kiot123]]>
              </value>
            </param>
          </params>
          <reporter-output>
          </reporter-output>
        </test-method> <!-- invalidLogin -->
        <test-method signature="invalidLogin(java.lang.String,java.lang.String)[pri:0, instance:com.tests.LoginTest@14028087]" started-at="2026-04-22T09:31:58 IST" name="invalidLogin" data-provider="invalidData" finished-at="2026-04-22T09:32:01 IST" duration-ms="2437" status="PASS">
          <params>
            <param index="0">
              <value>
                <![CDATA[Kiot]]>
              </value>
            </param>
            <param index="1">
              <value>
                <![CDATA[Kiot@123]]>
              </value>
            </param>
          </params>
          <reporter-output>
          </reporter-output>
        </test-method> <!-- invalidLogin -->
        <test-method is-config="true" signature="tearDown()[pri:0, instance:com.tests.LoginTest@14028087]" started-at="2026-04-22T09:32:01 IST" name="tearDown" finished-at="2026-04-22T09:32:01 IST" duration-ms="635" status="PASS">
          <reporter-output>
          </reporter-output>
        </test-method> <!-- tearDown -->
        <test-method is-config="true" signature="tearDown()[pri:0, instance:com.tests.LoginTest@14028087]" started-at="2026-04-22T09:32:01 IST" name="tearDown" finished-at="2026-04-22T09:32:01 IST" duration-ms="561" status="PASS">
          <reporter-output>
          </reporter-output>
        </test-method> <!-- tearDown -->
        <test-method is-config="true" signature="setup()[pri:0, instance:com.tests.LoginTest@14028087]" started-at="2026-04-22T09:32:01 IST" name="setup" finished-at="2026-04-22T09:32:03 IST" duration-ms="1943" status="PASS">
          <reporter-output>
          </reporter-output>
        </test-method> <!-- setup -->
        <test-method signature="validLogin(java.lang.String,java.lang.String)[pri:0, instance:com.tests.LoginTest@14028087]" started-at="2026-04-22T09:32:03 IST" name="validLogin" data-provider="validData" finished-at="2026-04-22T09:32:06 IST" duration-ms="2838" status="PASS">
          <params>
            <param index="0">
              <value>
                <![CDATA[KiotAdmin]]>
              </value>
            </param>
            <param index="1">
              <value>
                <![CDATA[Kiot@123]]>
              </value>
            </param>
          </params>
          <reporter-output>
          </reporter-output>
        </test-method> <!-- validLogin -->
        <test-method is-config="true" signature="tearDown()[pri:0, instance:com.tests.LoginTest@14028087]" started-at="2026-04-22T09:32:06 IST" name="tearDown" finished-at="2026-04-22T09:32:07 IST" duration-ms="324" status="PASS">
          <reporter-output>
          </reporter-output>
        </test-method> <!-- tearDown -->
      </class> <!-- com.tests.LoginTest -->
    </test> <!-- Default test -->
  </suite> <!-- Default suite -->
</testng-results>
