<?xml version="1.0" encoding="UTF-8"?>
<testng-results ignored="0" total="1" passed="1" failed="0" skipped="0">
  <reporter-output>
  </reporter-output>
  <suite started-at="2026-04-28T13:02:21 IST" name="Default suite" finished-at="2026-04-28T13:02:46 IST" duration-ms="25095">
    <groups>
    </groups>
    <test started-at="2026-04-28T13:02:21 IST" name="Default test" finished-at="2026-04-28T13:02:46 IST" duration-ms="25095">
      <class name="com.tests.DashBoardTest">
        <test-method is-config="true" signature="setup()[pri:0, instance:com.tests.DashBoardTest@2b40ff9c]" started-at="2026-04-28T13:02:21 IST" name="setup" finished-at="2026-04-28T13:02:33 IST" duration-ms="12391" status="PASS">
          <reporter-output>
          </reporter-output>
        </test-method> <!-- setup -->
        <test-method signature="Dashboard()[pri:0, instance:com.tests.DashBoardTest@2b40ff9c]" started-at="2026-04-28T13:02:33 IST" name="Dashboard" finished-at="2026-04-28T13:02:44 IST" duration-ms="11155" status="PASS">
          <reporter-output>
          </reporter-output>
        </test-method> <!-- Dashboard -->
        <test-method is-config="true" signature="close()[pri:0, instance:com.tests.DashBoardTest@2b40ff9c]" started-at="2026-04-28T13:02:44 IST" name="close" finished-at="2026-04-28T13:02:46 IST" duration-ms="1477" status="PASS">
          <reporter-output>
          </reporter-output>
        </test-method> <!-- close -->
      </class> <!-- com.tests.DashBoardTest -->
    </test> <!-- Default test -->
  </suite> <!-- Default suite -->
</testng-results>
