<?xml version="1.0" encoding="UTF-8"?>
<!-- Generated by org.testng.reporters.JUnitReportReporter -->
<testsuite hostname="LAPTOP-EJPGAELM" failures="0" tests="3" name="com.tests.LoginTests" time="20.173" errors="0" timestamp="2026-04-28T11:10:04 IST" skipped="0">
  <testcase classname="com.tests.LoginTests" name="validLogin" time="5.988"/>
  <testcase classname="com.tests.LoginTests" name="invalidLogin" time="7.304"/>
  <testcase classname="com.tests.LoginTests" name="invalidLogin" time="6.881"/>
</testsuite> <!-- com.tests.LoginTests -->
