<?xml version="1.0" encoding="UTF-8"?>
<!-- Generated by org.testng.reporters.JUnitReportReporter -->
<testsuite hostname="LAPTOP-EJPGAELM" failures="0" tests="3" name="com.tests.LoginTests" time="34.898" errors="0" timestamp="2026-04-27T20:20:58 IST" skipped="0">
  <testcase classname="com.tests.LoginTests" name="validLogin" time="16.636"/>
  <testcase classname="com.tests.LoginTests" name="invalidLogin" time="13.139"/>
  <testcase classname="com.tests.LoginTests" name="invalidLogin" time="5.123"/>
</testsuite> <!-- com.tests.LoginTests -->
