<?xml version="1.0" encoding="UTF-8"?>
<testng-results ignored="0" total="3" passed="3" failed="0" skipped="0">
  <reporter-output>
  </reporter-output>
  <suite started-at="2026-04-28T11:09:48 IST" name="Default suite" finished-at="2026-04-28T11:10:04 IST" duration-ms="16180">
    <groups>
    </groups>
    <test started-at="2026-04-28T11:09:48 IST" name="Default test" finished-at="2026-04-28T11:10:04 IST" duration-ms="16180">
      <class name="com.tests.LoginTests">
        <test-method is-config="true" signature="setup()[pri:0, instance:com.tests.LoginTests@4c432866]" started-at="2026-04-28T11:09:50 IST" name="setup" finished-at="2026-04-28T11:09:55 IST" duration-ms="4826" status="PASS">
          <reporter-output>
          </reporter-output>
        </test-method> <!-- setup -->
        <test-method is-config="true" signature="setup()[pri:0, instance:com.tests.LoginTests@4c432866]" started-at="2026-04-28T11:09:50 IST" name="setup" finished-at="2026-04-28T11:09:55 IST" duration-ms="4193" status="PASS">
          <reporter-output>
          </reporter-output>
        </test-method> <!-- setup -->
        <test-method signature="invalidLogin(java.lang.String,java.lang.String)[pri:0, instance:com.tests.LoginTests@4c432866]" started-at="2026-04-28T11:09:55 IST" name="invalidLogin" data-provider="invalidData" finished-at="2026-04-28T11:09:57 IST" duration-ms="2310" status="PASS">
          <params>
            <param index="0">
              <value>
                <![CDATA[KiotAdmin]]>
              </value>
            </param>
            <param index="1">
              <value>
                <![CDATA[Kiot123]]>
              </value>
            </param>
          </params>
          <reporter-output>
          </reporter-output>
        </test-method> <!-- invalidLogin -->
        <test-method signature="invalidLogin(java.lang.String,java.lang.String)[pri:0, instance:com.tests.LoginTests@4c432866]" started-at="2026-04-28T11:09:55 IST" name="invalidLogin" data-provider="invalidData" finished-at="2026-04-28T11:09:57 IST" duration-ms="2053" status="PASS">
          <params>
            <param index="0">
              <value>
                <![CDATA[Kiot]]>
              </value>
            </param>
            <param index="1">
              <value>
                <![CDATA[Kiot@123]]>
              </value>
            </param>
          </params>
          <reporter-output>
          </reporter-output>
        </test-method> <!-- invalidLogin -->
        <test-method is-config="true" signature="tearDown()[pri:0, instance:com.tests.LoginTests@4c432866]" started-at="2026-04-28T11:09:57 IST" name="tearDown" finished-at="2026-04-28T11:09:57 IST" duration-ms="425" status="PASS">
          <reporter-output>
          </reporter-output>
        </test-method> <!-- tearDown -->
        <test-method is-config="true" signature="tearDown()[pri:0, instance:com.tests.LoginTests@4c432866]" started-at="2026-04-28T11:09:57 IST" name="tearDown" finished-at="2026-04-28T11:09:58 IST" duration-ms="342" status="PASS">
          <reporter-output>
          </reporter-output>
        </test-method> <!-- tearDown -->
        <test-method is-config="true" signature="setup()[pri:0, instance:com.tests.LoginTests@4c432866]" started-at="2026-04-28T11:09:58 IST" name="setup" finished-at="2026-04-28T11:10:00 IST" duration-ms="2259" status="PASS">
          <reporter-output>
          </reporter-output>
        </test-method> <!-- setup -->
        <test-method signature="validLogin(java.lang.String,java.lang.String)[pri:0, instance:com.tests.LoginTests@4c432866]" started-at="2026-04-28T11:10:00 IST" name="validLogin" data-provider="validData" finished-at="2026-04-28T11:10:03 IST" duration-ms="3387" status="PASS">
          <params>
            <param index="0">
              <value>
                <![CDATA[KiotAdmin]]>
              </value>
            </param>
            <param index="1">
              <value>
                <![CDATA[Kiot@123]]>
              </value>
            </param>
          </params>
          <reporter-output>
          </reporter-output>
        </test-method> <!-- validLogin -->
        <test-method is-config="true" signature="tearDown()[pri:0, instance:com.tests.LoginTests@4c432866]" started-at="2026-04-28T11:10:03 IST" name="tearDown" finished-at="2026-04-28T11:10:04 IST" duration-ms="378" status="PASS">
          <reporter-output>
          </reporter-output>
        </test-method> <!-- tearDown -->
      </class> <!-- com.tests.LoginTests -->
    </test> <!-- Default test -->
  </suite> <!-- Default suite -->
</testng-results>
