<?xml version="1.0" encoding="UTF-8"?>
<testng-results ignored="0" total="3" passed="3" failed="0" skipped="0">
  <reporter-output>
  </reporter-output>
  <suite started-at="2026-04-27T20:20:34 IST" name="Default suite" finished-at="2026-04-27T20:20:57 IST" duration-ms="23193">
    <groups>
    </groups>
    <test started-at="2026-04-27T20:20:34 IST" name="Default test" finished-at="2026-04-27T20:20:57 IST" duration-ms="23193">
      <class name="com.tests.LoginTests">
        <test-method is-config="true" signature="setup()[pri:0, instance:com.tests.LoginTests@268f106e]" started-at="2026-04-27T20:20:36 IST" name="setup" finished-at="2026-04-27T20:20:48 IST" duration-ms="11958" status="PASS">
          <reporter-output>
          </reporter-output>
        </test-method> <!-- setup -->
        <test-method is-config="true" signature="setup()[pri:0, instance:com.tests.LoginTests@268f106e]" started-at="2026-04-27T20:20:36 IST" name="setup" finished-at="2026-04-27T20:20:46 IST" duration-ms="10254" status="PASS">
          <reporter-output>
          </reporter-output>
        </test-method> <!-- setup -->
        <test-method signature="invalidLogin(java.lang.String,java.lang.String)[pri:0, instance:com.tests.LoginTests@268f106e]" started-at="2026-04-27T20:20:46 IST" name="invalidLogin" data-provider="invalidData" finished-at="2026-04-27T20:20:48 IST" duration-ms="2512" status="PASS">
          <params>
            <param index="0">
              <value>
                <![CDATA[Kiot]]>
              </value>
            </param>
            <param index="1">
              <value>
                <![CDATA[Kiot@123]]>
              </value>
            </param>
          </params>
          <reporter-output>
          </reporter-output>
        </test-method> <!-- invalidLogin -->
        <test-method signature="invalidLogin(java.lang.String,java.lang.String)[pri:0, instance:com.tests.LoginTests@268f106e]" started-at="2026-04-27T20:20:48 IST" name="invalidLogin" data-provider="invalidData" finished-at="2026-04-27T20:20:50 IST" duration-ms="2455" status="PASS">
          <params>
            <param index="0">
              <value>
                <![CDATA[KiotAdmin]]>
              </value>
            </param>
            <param index="1">
              <value>
                <![CDATA[Kiot123]]>
              </value>
            </param>
          </params>
          <reporter-output>
          </reporter-output>
        </test-method> <!-- invalidLogin -->
        <test-method is-config="true" signature="tearDown()[pri:0, instance:com.tests.LoginTests@268f106e]" started-at="2026-04-27T20:20:48 IST" name="tearDown" finished-at="2026-04-27T20:20:49 IST" duration-ms="430" status="PASS">
          <reporter-output>
          </reporter-output>
        </test-method> <!-- tearDown -->
        <test-method is-config="true" signature="tearDown()[pri:0, instance:com.tests.LoginTests@268f106e]" started-at="2026-04-27T20:20:50 IST" name="tearDown" finished-at="2026-04-27T20:20:50 IST" duration-ms="266" status="PASS">
          <reporter-output>
          </reporter-output>
        </test-method> <!-- tearDown -->
        <test-method is-config="true" signature="setup()[pri:0, instance:com.tests.LoginTests@268f106e]" started-at="2026-04-27T20:20:50 IST" name="setup" finished-at="2026-04-27T20:20:53 IST" duration-ms="2345" status="PASS">
          <reporter-output>
          </reporter-output>
        </test-method> <!-- setup -->
        <test-method signature="validLogin(java.lang.String,java.lang.String)[pri:0, instance:com.tests.LoginTests@268f106e]" started-at="2026-04-27T20:20:53 IST" name="validLogin" data-provider="validData" finished-at="2026-04-27T20:20:57 IST" duration-ms="4386" status="PASS">
          <params>
            <param index="0">
              <value>
                <![CDATA[KiotAdmin]]>
              </value>
            </param>
            <param index="1">
              <value>
                <![CDATA[Kiot@123]]>
              </value>
            </param>
          </params>
          <reporter-output>
          </reporter-output>
        </test-method> <!-- validLogin -->
        <test-method is-config="true" signature="tearDown()[pri:0, instance:com.tests.LoginTests@268f106e]" started-at="2026-04-27T20:20:57 IST" name="tearDown" finished-at="2026-04-27T20:20:57 IST" duration-ms="292" status="PASS">
          <reporter-output>
          </reporter-output>
        </test-method> <!-- tearDown -->
      </class> <!-- com.tests.LoginTests -->
    </test> <!-- Default test -->
  </suite> <!-- Default suite -->
</testng-results>
