<?xml version="1.0" encoding="UTF-8"?>
<!-- Generated by org.testng.reporters.JUnitReportReporter -->
<testsuite hostname="LAPTOP-EJPGAELM" failures="0" tests="1" name="com.runner.TestNGRunner" time="10.611" errors="1" timestamp="2026-05-10T23:26:27 IST" skipped="0">
  <testcase classname="com.runner.TestNGRunner" name="runScenario" time="10.611">
    <error message="Unresolved compilation problem: 
	login cannot be resolved or is not a field
" type="java.lang.Error">
      <![CDATA[java.lang.Error: Unresolved compilation problem: 
login cannot be resolved or is not a field

at com.actions.LoginPageActions.clickLogin(LoginPageActions.java:28)
at com.actions.LoginPageActions.login(LoginPageActions.java:50)
at com.definitions.LoginPageDefinitions.the_users_enters_username_and_password(LoginPageDefinitions.java:24)
at ✽.the users enters username and password(file:///C:/Selenium/CucumberPageObjectModel/src/test/resources/Features/LoginPage.feature:6)
]]>
    </error>
  </testcase> <!-- runScenario -->
</testsuite> <!-- com.runner.TestNGRunner -->
