<?xml version="1.0" encoding="UTF-8"?>
<!-- Generated by org.testng.reporters.JUnitReportReporter -->
<testsuite hostname="LAPTOP-EJPGAELM" failures="0" tests="3" name="testNGEx.Demoblaze$Demoblaze1" time="6.124" errors="0" timestamp="2026-04-17T10:37:26 IST" skipped="1">
  <testcase classname="testNGEx.Demoblaze$Demoblaze1" name="Valid" time="3.445"/>
  <testcase classname="testNGEx.Demoblaze$Demoblaze1" name="PasswordWrong" time="2.679"/>
  <testcase classname="testNGEx.Demoblaze$Demoblaze1" name="LoginWrong">
    <skipped/>
  </testcase> <!-- LoginWrong -->
</testsuite> <!-- testNGEx.Demoblaze$Demoblaze1 -->
