<?xml version="1.0" encoding="UTF-8"?>
<!-- Generated by org.testng.reporters.JUnitReportReporter -->
<testsuite hostname="LAPTOP-EJPGAELM" failures="0" tests="3" name="testNGEx.Test_Assertions" time="15.754" errors="0" timestamp="2026-04-17T16:23:43 IST" skipped="0">
  <testcase classname="testNGEx.Test_Assertions" name="valid" time="6.531"/>
  <testcase classname="testNGEx.Test_Assertions" name="LoginWrong" time="4.670"/>
  <testcase classname="testNGEx.Test_Assertions" name="PasswordWrong" time="4.553"/>
</testsuite> <!-- testNGEx.Test_Assertions -->
