<?xml version="1.0" encoding="UTF-8"?>
<!-- Generated by org.testng.reporters.JUnitReportReporter -->
<testsuite hostname="LAPTOP-EJPGAELM" failures="0" tests="3" name="testNGEx.NewDataProviderClass" time="13.426" errors="0" timestamp="2026-04-20T15:17:14 IST" skipped="0">
  <testcase classname="testNGEx.NewDataProviderClass" name="Search" time="5.613"/>
  <testcase classname="testNGEx.NewDataProviderClass" name="Search" time="4.320"/>
  <testcase classname="testNGEx.NewDataProviderClass" name="Search" time="3.493"/>
</testsuite> <!-- testNGEx.NewDataProviderClass -->
