<?xml version="1.0" encoding="UTF-8"?>
<!-- Generated by org.testng.reporters.JUnitReportReporter -->
<testsuite hostname="LAPTOP-EJPGAELM" failures="0" tests="3" name="testNGEx.ParallelDataProvider" time="17.106" errors="0" timestamp="2026-04-20T16:02:14 IST" skipped="0">
  <testcase classname="testNGEx.ParallelDataProvider" name="search" time="4.660"/>
  <testcase classname="testNGEx.ParallelDataProvider" name="search" time="5.930"/>
  <testcase classname="testNGEx.ParallelDataProvider" name="search" time="6.516"/>
</testsuite> <!-- testNGEx.ParallelDataProvider -->
