<?xml version="1.0" encoding="UTF-8"?>
<!-- Generated by org.testng.reporters.JUnitReportReporter -->
<testsuite hostname="LAPTOP-EJPGAELM" failures="0" tests="3" name="testNGEx.AssertDemo" time="16.528" errors="0" timestamp="2026-04-17T16:25:53 IST" skipped="0">
  <testcase classname="testNGEx.AssertDemo" name="PasswordWrong" time="5.788"/>
  <testcase classname="testNGEx.AssertDemo" name="valid" time="5.595"/>
  <testcase classname="testNGEx.AssertDemo" name="LoginWrong" time="5.145"/>
</testsuite> <!-- testNGEx.AssertDemo -->
