<?xml version="1.0" encoding="UTF-8"?>
<!-- Generated by org.testng.reporters.JUnitReportReporter -->
<testsuite hostname="LAPTOP-EJPGAELM" failures="0" tests="3" name="testNGEx.Demoblaze" time="9.178" errors="0" timestamp="2026-04-17T10:41:39 IST" skipped="0">
  <testcase classname="testNGEx.Demoblaze" name="Valid" time="3.458"/>
  <testcase classname="testNGEx.Demoblaze" name="PasswordWrong" time="3.391"/>
  <testcase classname="testNGEx.Demoblaze" name="LoginWrong" time="2.329"/>
</testsuite> <!-- testNGEx.Demoblaze -->
