<?xml version="1.0" encoding="UTF-8"?>
<!-- Generated by org.testng.reporters.JUnitReportReporter -->
<testsuite hostname="LAPTOP-EJPGAELM" failures="0" tests="3" name="testNGEx.GroupsFormatting" time="11.284" errors="0" timestamp="2026-04-17T12:31:46 IST" skipped="0">
  <testcase classname="testNGEx.GroupsFormatting" name="LoginWrong" time="5.335"/>
  <testcase classname="testNGEx.GroupsFormatting" name="PasswordWrong" time="3.076"/>
  <testcase classname="testNGEx.GroupsFormatting" name="Valid" time="2.873"/>
</testsuite> <!-- testNGEx.GroupsFormatting -->
