<?xml version="1.0" encoding="UTF-8"?>
<testng-results ignored="2" total="3" passed="1" failed="0" skipped="0">
  <reporter-output>
  </reporter-output>
  <suite started-at="2026-05-13T12:04:22 IST" name="Default suite" finished-at="2026-05-13T12:04:28 IST" duration-ms="6456">
    <groups>
    </groups>
    <test started-at="2026-05-13T12:04:22 IST" name="Default test" finished-at="2026-05-13T12:04:28 IST" duration-ms="6456">
      <class name="testNGEx.dependsonMethodTest">
        <test-method is-config="true" signature="beforeTest()[pri:0, instance:testNGEx.dependsonMethodTest@6be968ce]" started-at="2026-05-13T12:04:22 IST" name="beforeTest" finished-at="2026-05-13T12:04:27 IST" duration-ms="4983" status="PASS">
          <reporter-output>
          </reporter-output>
        </test-method> <!-- beforeTest -->
        <test-method signature="validation()[pri:0, instance:testNGEx.dependsonMethodTest@6be968ce]" started-at="2026-05-13T12:04:27 IST" name="validation" finished-at="2026-05-13T12:04:28 IST" duration-ms="1063" status="PASS">
          <reporter-output>
          </reporter-output>
        </test-method> <!-- validation -->
        <test-method is-config="true" signature="afterTest()[pri:0, instance:testNGEx.dependsonMethodTest@6be968ce]" started-at="2026-05-13T12:04:28 IST" name="afterTest" finished-at="2026-05-13T12:04:28 IST" duration-ms="333" status="PASS">
          <reporter-output>
          </reporter-output>
        </test-method> <!-- afterTest -->
      </class> <!-- testNGEx.dependsonMethodTest -->
    </test> <!-- Default test -->
  </suite> <!-- Default suite -->
</testng-results>
