<?xml version="1.0" encoding="UTF-8"?>
<testng-results ignored="0" total="1" passed="1" failed="0" skipped="0">
  <reporter-output>
  </reporter-output>
  <suite started-at="2026-04-22T14:20:30 IST" name="Failed suite [Failed suite [Default suite]]" finished-at="2026-04-22T14:20:35 IST" duration-ms="5067">
    <groups>
    </groups>
    <test started-at="2026-04-22T14:20:30 IST" name="Default test(failed)(failed)" finished-at="2026-04-22T14:20:35 IST" duration-ms="5067">
      <class name="testNGEx.DemoBlazeDPPassInvalid">
        <test-method is-config="true" signature="beforeMethod()[pri:0, instance:testNGEx.DemoBlazeDPPassInvalid@8458f04]" started-at="2026-04-22T14:20:30 IST" name="beforeMethod" finished-at="2026-04-22T14:20:33 IST" duration-ms="2701" status="PASS">
          <reporter-output>
          </reporter-output>
        </test-method> <!-- beforeMethod -->
        <test-method signature="Search(java.lang.String,java.lang.String)[pri:0, instance:testNGEx.DemoBlazeDPPassInvalid@8458f04]" started-at="2026-04-22T14:20:33 IST" name="Search" data-provider="Test" finished-at="2026-04-22T14:20:35 IST" duration-ms="2031" status="PASS">
          <params>
            <param index="0">
              <value>
                <![CDATA[KiotAdmin]]>
              </value>
            </param>
            <param index="1">
              <value>
                <![CDATA[Kiot123]]>
              </value>
            </param>
          </params>
          <reporter-output>
          </reporter-output>
        </test-method> <!-- Search -->
        <test-method is-config="true" signature="afterMethod()[pri:0, instance:testNGEx.DemoBlazeDPPassInvalid@8458f04]" started-at="2026-04-22T14:20:35 IST" name="afterMethod" finished-at="2026-04-22T14:20:35 IST" duration-ms="281" status="PASS">
          <reporter-output>
          </reporter-output>
        </test-method> <!-- afterMethod -->
      </class> <!-- testNGEx.DemoBlazeDPPassInvalid -->
    </test> <!-- Default test(failed)(failed) -->
  </suite> <!-- Failed suite [Failed suite [Default suite]] -->
</testng-results>
