<?xml version="1.0" encoding="UTF-8"?>
<testng-results ignored="0" total="1" passed="1" failed="0" skipped="0">
  <reporter-output>
  </reporter-output>
  <suite started-at="2026-06-17T09:35:58 IST" name="Default suite" finished-at="2026-06-17T09:36:01 IST" duration-ms="3000">
    <groups>
    </groups>
    <test started-at="2026-06-17T09:35:58 IST" name="Default test" finished-at="2026-06-17T09:36:01 IST" duration-ms="3000">
      <class name="com.jsondbTests.OptionsTest">
        <test-method signature="checkOptions()[pri:0, instance:com.jsondbTests.OptionsTest@4a83a74a]" started-at="2026-06-17T09:35:58 IST" name="checkOptions" finished-at="2026-06-17T09:36:01 IST" duration-ms="2932" status="PASS">
          <reporter-output>
          </reporter-output>
        </test-method> <!-- checkOptions -->
      </class> <!-- com.jsondbTests.OptionsTest -->
    </test> <!-- Default test -->
  </suite> <!-- Default suite -->
</testng-results>
