<?xml version="1.0" encoding="UTF-8"?>
<testng-results ignored="0" total="1" passed="1" failed="0" skipped="0">
  <reporter-output>
  </reporter-output>
  <suite started-at="2026-06-16T20:50:17 IST" name="Default suite" finished-at="2026-06-16T20:50:20 IST" duration-ms="3151">
    <groups>
    </groups>
    <test started-at="2026-06-16T20:50:17 IST" name="Default test" finished-at="2026-06-16T20:50:20 IST" duration-ms="3151">
      <class name="com.jsondbTests.PatchTest">
        <test-method signature="put()[pri:0, instance:com.jsondbTests.PatchTest@4a83a74a]" started-at="2026-06-16T20:50:17 IST" name="put" finished-at="2026-06-16T20:50:20 IST" duration-ms="3077" status="PASS">
          <reporter-output>
          </reporter-output>
        </test-method> <!-- put -->
      </class> <!-- com.jsondbTests.PatchTest -->
    </test> <!-- Default test -->
  </suite> <!-- Default suite -->
</testng-results>
