<?xml version="1.0" encoding="UTF-8"?>
<!-- Generated by org.testng.reporters.JUnitXMLReporter -->
<testsuite ignored="3" hostname="LAPTOP-EJPGAELM" failures="0" tests="24" name="Test" time="62.189" errors="0" timestamp="2026-04-22T14:17:33 IST">
  <testcase classname="testNGEx.DemoNG" name="A" time="0.003"/>
  <testcase classname="testNGEx.Test_Assertions" name="LoginWrong" time="1.543"/>
  <testcase classname="testNGEx.AssertDemo" name="LoginWrong" time="1.464"/>
  <testcase classname="testNGEx.GroupsFormatting" name="PasswordWrong" time="0.505"/>
  <testcase classname="testNGEx.Test_Assertions" name="PasswordWrong" time="1.534"/>
  <testcase classname="testNGEx.AssertDemo" name="PasswordWrong" time="1.435"/>
  <testcase classname="testNGEx.DemoBeforeAfter" name="Test" time="0.0"/>
  <testcase classname="testNGEx.DemoBeforeAfter" name="Testlogin" time="0.0"/>
  <testcase classname="testNGEx.GroupsFormatting" name="Valid" time="0.481"/>
  <testcase classname="testNGEx.GroupsFormatting" name="LoginWrong" time="0.455"/>
  <testcase classname="testNGEx.Assertion" name="testAssertion" time="0.001"/>
  <testcase classname="testNGEx.Test_Assertions" name="valid" time="2.615"/>
  <testcase classname="testNGEx.AssertDemo" name="valid" time="2.812"/>
  <testcase classname="testNGEx.dependsonMethodTest" name="validation" time="0.863"/>
  <testcase classname="testNGEx.NewTest" name="validation" time="0.339"/>
  <testcase classname="testNGEx.dependsonMethodTest" name="validation_1" time="0.954"/>
  <testcase classname="testNGEx.dependsonMethodTest" name="validation_2" time="1.081"/>
  <testcase classname="testNGEx.IgnoreTest$Demoblaze1" name="Valid" time="0.479"/>
  <testcase classname="testNGEx.EnabledTest" name="Valid" time="0.456"/>
  <testcase classname="testNGEx.Demoblaze" name="Valid" time="0.455"/>
  <testcase classname="testNGEx.IgnoreTest$Demoblaze1" name="PasswordWrong" time="0.462"/>
  <testcase classname="testNGEx.Demoblaze" name="PasswordWrong" time="0.429"/>
  <testcase classname="testNGEx.EnabledTest" name="LoginWrong" time="0.423"/>
  <testcase classname="testNGEx.Demoblaze" name="LoginWrong" time="0.392"/>
  <testcase classname="testNGEx.IgnoreTest" name="Valid" time="0.0">
    <ignored/>
  </testcase> <!-- Valid -->
  <testcase classname="testNGEx.IgnoreTest$Demoblaze1" name="LoginWrong" time="0.0">
    <ignored/>
  </testcase> <!-- LoginWrong -->
  <testcase classname="testNGEx.EnabledTest" name="PasswordWrong" time="0.0">
    <ignored/>
  </testcase> <!-- PasswordWrong -->
</testsuite> <!-- Test -->
