<?xml version="1.0" encoding="UTF-8"?>
<!-- Generated by org.testng.reporters.JUnitXMLReporter -->
<testsuite ignored="3" hostname="LAPTOP-EJPGAELM" failures="0" tests="24" name="Test" time="108.237" errors="0" timestamp="2026-04-20T15:52:39 IST">
  <testcase classname="testNGEx.DemoNG" name="A" time="0.007"/>
  <testcase classname="testNGEx.Test_Assertions" name="LoginWrong" time="4.812"/>
  <testcase classname="testNGEx.AssertDemo" name="LoginWrong" time="1.881"/>
  <testcase classname="testNGEx.GroupsFormatting" name="PasswordWrong" time="0.644"/>
  <testcase classname="testNGEx.Test_Assertions" name="PasswordWrong" time="1.869"/>
  <testcase classname="testNGEx.AssertDemo" name="PasswordWrong" time="1.823"/>
  <testcase classname="testNGEx.DemoBeforeAfter" name="Test" time="0.001"/>
  <testcase classname="testNGEx.DemoBeforeAfter" name="Testlogin" time="0.001"/>
  <testcase classname="testNGEx.GroupsFormatting" name="Valid" time="0.86"/>
  <testcase classname="testNGEx.GroupsFormatting" name="LoginWrong" time="0.823"/>
  <testcase classname="testNGEx.Assertion" name="testAssertion" time="0.001"/>
  <testcase classname="testNGEx.Test_Assertions" name="valid" time="2.801"/>
  <testcase classname="testNGEx.AssertDemo" name="valid" time="3.497"/>
  <testcase classname="testNGEx.dependsonMethodTest" name="validation" time="3.04"/>
  <testcase classname="testNGEx.NewTest" name="validation" time="0.543"/>
  <testcase classname="testNGEx.dependsonMethodTest" name="validation_1" time="1.223"/>
  <testcase classname="testNGEx.dependsonMethodTest" name="validation_2" time="1.243"/>
  <testcase classname="testNGEx.IgnoreTest$Demoblaze1" name="Valid" time="0.672"/>
  <testcase classname="testNGEx.EnabledTest" name="Valid" time="0.725"/>
  <testcase classname="testNGEx.Demoblaze" name="Valid" time="0.706"/>
  <testcase classname="testNGEx.IgnoreTest$Demoblaze1" name="PasswordWrong" time="0.63"/>
  <testcase classname="testNGEx.Demoblaze" name="PasswordWrong" time="0.615"/>
  <testcase classname="testNGEx.EnabledTest" name="LoginWrong" time="0.648"/>
  <testcase classname="testNGEx.Demoblaze" name="LoginWrong" time="0.559"/>
  <testcase classname="testNGEx.IgnoreTest" name="Valid" time="0.0">
    <ignored/>
  </testcase> <!-- Valid -->
  <testcase classname="testNGEx.IgnoreTest$Demoblaze1" name="LoginWrong" time="0.0">
    <ignored/>
  </testcase> <!-- LoginWrong -->
  <testcase classname="testNGEx.EnabledTest" name="PasswordWrong" time="0.0">
    <ignored/>
  </testcase> <!-- PasswordWrong -->
</testsuite> <!-- Test -->
