<?xml version="1.0" encoding="UTF-8"?>
<!-- Generated by org.testng.reporters.JUnitXMLReporter -->
<testsuite ignored="0" hostname="LAPTOP-EJPGAELM" failures="1" tests="1" name="Default test" time="21.036" errors="0" timestamp="2026-05-07T00:37:36 IST">
  <testcase classname="io.cucumber.testng.AbstractTestNGCucumberTests" name="runScenario" time="19.598">
    <failure type="java.lang.AssertionError" message="Account creation failed">
      <![CDATA[java.lang.AssertionError: Account creation failed
at stepDefinitions.LoginTutorialsStepDefinition.user_account_should_be_created_successfully(LoginTutorialsStepDefinition.java:86)
at ✽.User account should be created successfully(file:///C:/Selenium/Tutorils/src/test/resources/com/features/LoginTutorials.feature:12)
]]>
    </failure>
  </testcase> <!-- runScenario -->
</testsuite> <!-- Default test -->
