<?xml version="1.0" encoding="UTF-8"?>
<!-- Generated by org.testng.reporters.JUnitReportReporter -->
<testsuite hostname="LAPTOP-EJPGAELM" failures="0" tests="3" name="com.tests.LoginTest" time="24.139" errors="0" timestamp="2026-04-22T09:32:07 IST" skipped="0">
  <testcase classname="com.tests.LoginTest" name="invalidLogin" time="9.548"/>
  <testcase classname="com.tests.LoginTest" name="invalidLogin" time="4.704"/>
  <testcase classname="com.tests.LoginTest" name="validLogin" time="9.887"/>
</testsuite> <!-- com.tests.LoginTest -->
