<?xml version="1.0" encoding="UTF-8"?>
<!-- Generated by org.testng.reporters.JUnitReportReporter -->
<testsuite hostname="LAPTOP-EJPGAELM" failures="0" tests="3" name="com.tests.LoginTest" time="18.403" errors="0" timestamp="2026-04-27T20:26:47 IST" skipped="0">
  <testcase classname="com.tests.LoginTest" name="validLogin" time="7.541"/>
  <testcase classname="com.tests.LoginTest" name="invalidLogin" time="6.383"/>
  <testcase classname="com.tests.LoginTest" name="invalidLogin" time="4.479"/>
</testsuite> <!-- com.tests.LoginTest -->
