<?xml version="1.0" encoding="UTF-8"?>
<!-- Generated by org.testng.reporters.JUnitXMLReporter -->
<testsuite ignored="0" hostname="LAPTOP-EJPGAELM" failures="1" tests="4" name="Test" time="62.988" errors="0" timestamp="2026-06-15T15:53:07 IST">
  <testcase classname="com.tests.APIValidation" name="f" time="8.53"/>
  <testcase classname="com.tests.SeleniumTest" name="f" time="52.958"/>
  <testcase classname="com.tests.GetUserTest" name="getUserTest" time="1.176"/>
  <testcase classname="com.tests.CreateUserTest" name="f" time="0.076">
    <failure type="java.lang.IllegalStateException" message="Cannot serialize object because no JSON serializer found in classpath. Please put Jackson (Databind), Gson, Johnzon, or Yasson in the classpath.">
      <![CDATA[java.lang.IllegalStateException: Cannot serialize object because no JSON serializer found in classpath. Please put Jackson (Databind), Gson, Johnzon, or Yasson in the classpath.
at org.codehaus.groovy.vmplugin.v8.IndyInterface.fromCache(IndyInterface.java:344)
at io.restassured.internal.mapping.ObjectMapping.serialize(ObjectMapping.groovy:174)
at org.codehaus.groovy.vmplugin.v8.IndyInterface.fromCache(IndyInterface.java:344)
at io.restassured.internal.RequestSpecificationImpl.body(RequestSpecificationImpl.groovy:857)
at com.tests.CreateUserTest.f(CreateUserTest.java:22)
at java.base/java.util.ArrayList.forEach(ArrayList.java:1597)
... Removed 25 stack frames]]>
    </failure>
  </testcase> <!-- f -->
</testsuite> <!-- Test -->
