<?xml version="1.0" encoding="UTF-8"?>
<testng-results ignored="0" total="5" passed="5" failed="0" skipped="0">
  <reporter-output>
  </reporter-output>
  <suite started-at="2026-04-27T20:46:50 IST" name="Suite" finished-at="2026-04-27T20:47:27 IST" duration-ms="37164">
    <groups>
    </groups>
    <test started-at="2026-04-27T20:46:50 IST" name="Test" finished-at="2026-04-27T20:47:27 IST" duration-ms="37164">
      <class name="com.tests.Ninjatests">
        <test-method is-config="true" signature="setup()[pri:0, instance:com.tests.Ninjatests@8dbfffb]" started-at="2026-04-27T20:46:51 IST" name="setup" finished-at="2026-04-27T20:47:00 IST" duration-ms="9140" status="PASS">
          <reporter-output>
          </reporter-output>
        </test-method> <!-- setup -->
        <test-method is-config="true" signature="setup()[pri:0, instance:com.tests.Ninjatests@8dbfffb]" started-at="2026-04-27T20:46:51 IST" name="setup" finished-at="2026-04-27T20:46:59 IST" duration-ms="8257" status="PASS">
          <reporter-output>
          </reporter-output>
        </test-method> <!-- setup -->
        <test-method signature="invalidLogin(java.lang.String,java.lang.String)[pri:0, instance:com.tests.Ninjatests@8dbfffb]" started-at="2026-04-27T20:46:59 IST" name="invalidLogin" data-provider="invalidData" finished-at="2026-04-27T20:47:03 IST" duration-ms="3773" status="PASS">
          <params>
            <param index="0">
              <value>
                <![CDATA[RajaRaja@gmail.com]]>
              </value>
            </param>
            <param index="1">
              <value>
                <![CDATA[Raja@123]]>
              </value>
            </param>
          </params>
          <reporter-output>
          </reporter-output>
        </test-method> <!-- invalidLogin -->
        <test-method signature="invalidLogin(java.lang.String,java.lang.String)[pri:0, instance:com.tests.Ninjatests@8dbfffb]" started-at="2026-04-27T20:47:00 IST" name="invalidLogin" data-provider="invalidData" finished-at="2026-04-27T20:47:04 IST" duration-ms="3187" status="PASS">
          <params>
            <param index="0">
              <value>
                <![CDATA[RajaRaja12@gmail.com]]>
              </value>
            </param>
            <param index="1">
              <value>
                <![CDATA[Raja123]]>
              </value>
            </param>
          </params>
          <reporter-output>
          </reporter-output>
        </test-method> <!-- invalidLogin -->
        <test-method is-config="true" signature="tearDown()[pri:0, instance:com.tests.Ninjatests@8dbfffb]" started-at="2026-04-27T20:47:03 IST" name="tearDown" finished-at="2026-04-27T20:47:03 IST" duration-ms="222" status="PASS">
          <reporter-output>
          </reporter-output>
        </test-method> <!-- tearDown -->
        <test-method is-config="true" signature="tearDown()[pri:0, instance:com.tests.Ninjatests@8dbfffb]" started-at="2026-04-27T20:47:04 IST" name="tearDown" finished-at="2026-04-27T20:47:04 IST" duration-ms="295" status="PASS">
          <reporter-output>
          </reporter-output>
        </test-method> <!-- tearDown -->
        <test-method is-config="true" signature="setup()[pri:0, instance:com.tests.Ninjatests@8dbfffb]" started-at="2026-04-27T20:47:04 IST" name="setup" finished-at="2026-04-27T20:47:09 IST" duration-ms="5623" status="PASS">
          <reporter-output>
          </reporter-output>
        </test-method> <!-- setup -->
        <test-method signature="searchInvalidProduct(java.lang.String)[pri:0, instance:com.tests.Ninjatests@8dbfffb]" started-at="2026-04-27T20:47:09 IST" name="searchInvalidProduct" finished-at="2026-04-27T20:47:10 IST" duration-ms="784" status="PASS">
          <params>
            <param index="0">
              <value>
                <![CDATA[xyz123]]>
              </value>
            </param>
          </params>
          <reporter-output>
          </reporter-output>
        </test-method> <!-- searchInvalidProduct -->
        <test-method is-config="true" signature="tearDown()[pri:0, instance:com.tests.Ninjatests@8dbfffb]" started-at="2026-04-27T20:47:10 IST" name="tearDown" finished-at="2026-04-27T20:47:11 IST" duration-ms="290" status="PASS">
          <reporter-output>
          </reporter-output>
        </test-method> <!-- tearDown -->
        <test-method is-config="true" signature="setup()[pri:0, instance:com.tests.Ninjatests@8dbfffb]" started-at="2026-04-27T20:47:11 IST" name="setup" finished-at="2026-04-27T20:47:16 IST" duration-ms="5058" status="PASS">
          <reporter-output>
          </reporter-output>
        </test-method> <!-- setup -->
        <test-method signature="searchValidProduct(java.lang.String)[pri:0, instance:com.tests.Ninjatests@8dbfffb]" started-at="2026-04-27T20:47:16 IST" name="searchValidProduct" finished-at="2026-04-27T20:47:17 IST" duration-ms="1291" status="PASS">
          <params>
            <param index="0">
              <value>
                <![CDATA[mac]]>
              </value>
            </param>
          </params>
          <reporter-output>
          </reporter-output>
        </test-method> <!-- searchValidProduct -->
        <test-method is-config="true" signature="tearDown()[pri:0, instance:com.tests.Ninjatests@8dbfffb]" started-at="2026-04-27T20:47:17 IST" name="tearDown" finished-at="2026-04-27T20:47:17 IST" duration-ms="274" status="PASS">
          <reporter-output>
          </reporter-output>
        </test-method> <!-- tearDown -->
        <test-method is-config="true" signature="setup()[pri:0, instance:com.tests.Ninjatests@8dbfffb]" started-at="2026-04-27T20:47:17 IST" name="setup" finished-at="2026-04-27T20:47:23 IST" duration-ms="6217" status="PASS">
          <reporter-output>
          </reporter-output>
        </test-method> <!-- setup -->
        <test-method signature="validLogin(java.lang.String,java.lang.String)[pri:0, instance:com.tests.Ninjatests@8dbfffb]" started-at="2026-04-27T20:47:23 IST" name="validLogin" data-provider="validData" finished-at="2026-04-27T20:47:27 IST" duration-ms="3758" status="PASS">
          <params>
            <param index="0">
              <value>
                <![CDATA[RajaRaja12@gmail.com]]>
              </value>
            </param>
            <param index="1">
              <value>
                <![CDATA[Raja@123]]>
              </value>
            </param>
          </params>
          <reporter-output>
          </reporter-output>
        </test-method> <!-- validLogin -->
        <test-method is-config="true" signature="tearDown()[pri:0, instance:com.tests.Ninjatests@8dbfffb]" started-at="2026-04-27T20:47:27 IST" name="tearDown" finished-at="2026-04-27T20:47:27 IST" duration-ms="244" status="PASS">
          <reporter-output>
          </reporter-output>
        </test-method> <!-- tearDown -->
      </class> <!-- com.tests.Ninjatests -->
    </test> <!-- Test -->
  </suite> <!-- Suite -->
</testng-results>
