<?xml version="1.0" encoding="UTF-8"?>
<!-- Generated by org.testng.reporters.JUnitXMLReporter -->
<testsuite ignored="0" hostname="LAPTOP-EJPGAELM" failures="0" tests="3" name="Default test" time="23.193" errors="0" timestamp="2026-04-27T20:20:57 IST">
  <testcase classname="com.tests.LoginTests" name="invalidLogin" time="2.512"/>
  <testcase classname="com.tests.LoginTests" name="invalidLogin" time="2.455"/>
  <testcase classname="com.tests.LoginTests" name="validLogin" time="4.386"/>
</testsuite> <!-- Default test -->
