<?xml version="1.0" encoding="UTF-8"?>
<!-- Generated by org.testng.reporters.JUnitXMLReporter -->
<testsuite ignored="0" hostname="LAPTOP-EJPGAELM" failures="0" tests="3" name="Default test" time="16.18" errors="0" timestamp="2026-04-28T11:10:04 IST">
  <testcase classname="com.tests.LoginTests" name="invalidLogin" time="2.31"/>
  <testcase classname="com.tests.LoginTests" name="invalidLogin" time="2.053"/>
  <testcase classname="com.tests.LoginTests" name="validLogin" time="3.387"/>
</testsuite> <!-- Default test -->
