<?xml version="1.0" encoding="UTF-8"?>
<testng-results ignored="0" total="1" passed="1" failed="0" skipped="0">
  <reporter-output>
  </reporter-output>
  <suite started-at="2026-06-17T12:19:05 IST" name="Default suite" finished-at="2026-06-17T12:19:09 IST" duration-ms="4484">
    <groups>
    </groups>
    <test started-at="2026-06-17T12:19:05 IST" name="Default test" finished-at="2026-06-17T12:19:09 IST" duration-ms="4484">
      <class name="com.tests.GetTest">
        <test-method signature="get()[pri:0, instance:com.tests.GetTest@4a83a74a]" started-at="2026-06-17T12:19:05 IST" name="get" finished-at="2026-06-17T12:19:09 IST" duration-ms="4406" status="PASS">
          <reporter-output>
          </reporter-output>
        </test-method> <!-- get -->
      </class> <!-- com.tests.GetTest -->
    </test> <!-- Default test -->
  </suite> <!-- Default suite -->
</testng-results>
