<?xml version="1.0" encoding="UTF-8"?>
<!-- Generated by org.testng.reporters.JUnitXMLReporter -->
<testsuite ignored="0" hostname="LAPTOP-EJPGAELM" failures="0" tests="5" name="Test" time="37.164" errors="0" timestamp="2026-04-27T20:47:27 IST">
  <testcase classname="com.tests.Ninjatests" name="invalidLogin" time="3.773"/>
  <testcase classname="com.tests.Ninjatests" name="invalidLogin" time="3.187"/>
  <testcase classname="com.tests.Ninjatests" name="searchInvalidProduct" time="0.784"/>
  <testcase classname="com.tests.Ninjatests" name="searchValidProduct" time="1.291"/>
  <testcase classname="com.tests.Ninjatests" name="validLogin" time="3.758"/>
</testsuite> <!-- Test -->
