<?xml version="1.0" encoding="UTF-8"?>
<!-- Generated by org.testng.reporters.JUnitReportReporter -->
<testsuite hostname="LAPTOP-EJPGAELM" failures="0" tests="3" name="testNGEx.EnabledTest" time="7.972" errors="0" timestamp="2026-04-20T15:52:39 IST" skipped="1">
  <testcase classname="testNGEx.EnabledTest" name="Valid" time="4.021"/>
  <testcase classname="testNGEx.EnabledTest" name="LoginWrong" time="3.951"/>
  <testcase classname="testNGEx.EnabledTest" name="PasswordWrong">
    <skipped/>
  </testcase> <!-- PasswordWrong -->
</testsuite> <!-- testNGEx.EnabledTest -->
