<?xml version="1.0" encoding="UTF-8"?>
<!-- Generated by org.testng.reporters.JUnitReportReporter -->
<testsuite hostname="LAPTOP-EJPGAELM" failures="0" tests="3" name="testNGEx.dependsonMethodTest" time="9.436" errors="0" timestamp="2026-04-22T14:17:33 IST" skipped="0">
  <testcase classname="testNGEx.dependsonMethodTest" name="validation_1" time="2.971"/>
  <testcase classname="testNGEx.dependsonMethodTest" name="validation_2" time="3.351"/>
  <testcase classname="testNGEx.dependsonMethodTest" name="validation" time="3.114"/>
</testsuite> <!-- testNGEx.dependsonMethodTest -->
