<?xml version="1.0" encoding="UTF-8"?>
<!-- Generated by org.testng.reporters.JUnitReportReporter -->
<testsuite hostname="LAPTOP-EJPGAELM" failures="0" tests="3" name="testNGEx.dependsonMethodTest" time="18.928" errors="0" timestamp="2026-04-20T15:52:39 IST" skipped="0">
  <testcase classname="testNGEx.dependsonMethodTest" name="validation_2" time="5.053"/>
  <testcase classname="testNGEx.dependsonMethodTest" name="validation" time="6.427"/>
  <testcase classname="testNGEx.dependsonMethodTest" name="validation_1" time="7.448"/>
</testsuite> <!-- testNGEx.dependsonMethodTest -->
