<?xml version="1.0" encoding="UTF-8"?>
<!-- Generated by org.testng.reporters.JUnitReportReporter -->
<testsuite hostname="LAPTOP-EJPGAELM" failures="0" tests="3" name="testNGEx.GroupsFormatting" time="8.159" errors="0" timestamp="2026-04-22T14:17:33 IST" skipped="0">
  <testcase classname="testNGEx.GroupsFormatting" name="Valid" time="2.593"/>
  <testcase classname="testNGEx.GroupsFormatting" name="LoginWrong" time="2.879"/>
  <testcase classname="testNGEx.GroupsFormatting" name="PasswordWrong" time="2.687"/>
</testsuite> <!-- testNGEx.GroupsFormatting -->
