<?xml version="1.0" encoding="UTF-8"?>
<!-- Generated by org.testng.reporters.JUnitReportReporter -->
<testsuite hostname="LAPTOP-EJPGAELM" failures="0" tests="3" name="testNGEx.IgnoreTest$Demoblaze1" time="8.672" errors="0" timestamp="2026-04-20T15:52:39 IST" skipped="1">
  <testcase classname="testNGEx.IgnoreTest$Demoblaze1" name="Valid" time="3.954"/>
  <testcase classname="testNGEx.IgnoreTest$Demoblaze1" name="PasswordWrong" time="4.718"/>
  <testcase classname="testNGEx.IgnoreTest$Demoblaze1" name="LoginWrong">
    <skipped/>
  </testcase> <!-- LoginWrong -->
</testsuite> <!-- testNGEx.IgnoreTest$Demoblaze1 -->
