<?xml version="1.0" encoding="UTF-8"?>
<!-- Generated by org.testng.reporters.JUnitReportReporter -->
<testsuite hostname="LAPTOP-EJPGAELM" failures="0" tests="3" name="testNGEx.Demoblaze" time="7.120" errors="0" timestamp="2026-04-22T14:17:33 IST" skipped="0">
  <testcase classname="testNGEx.Demoblaze" name="Valid" time="2.500"/>
  <testcase classname="testNGEx.Demoblaze" name="PasswordWrong" time="2.272"/>
  <testcase classname="testNGEx.Demoblaze" name="LoginWrong" time="2.348"/>
</testsuite> <!-- testNGEx.Demoblaze -->
