<?xml version="1.0" encoding="UTF-8"?>
<!-- Generated by org.testng.reporters.JUnitReportReporter -->
<testsuite hostname="LAPTOP-EJPGAELM" failures="0" tests="3" name="testNGEx.AssertDemo" time="11.825" errors="0" timestamp="2026-04-22T14:17:33 IST" skipped="0">
  <testcase classname="testNGEx.AssertDemo" name="PasswordWrong" time="3.588"/>
  <testcase classname="testNGEx.AssertDemo" name="LoginWrong" time="3.618"/>
  <testcase classname="testNGEx.AssertDemo" name="valid" time="4.619"/>
</testsuite> <!-- testNGEx.AssertDemo -->
