<?xml version="1.0" encoding="UTF-8"?>
<!-- Generated by org.testng.reporters.JUnitReportReporter -->
<testsuite hostname="LAPTOP-EJPGAELM" failures="0" tests="3" name="testNGEx.Demoblaze" time="11.862" errors="0" timestamp="2026-04-20T15:52:39 IST" skipped="0">
  <testcase classname="testNGEx.Demoblaze" name="Valid" time="4.030"/>
  <testcase classname="testNGEx.Demoblaze" name="PasswordWrong" time="3.953"/>
  <testcase classname="testNGEx.Demoblaze" name="LoginWrong" time="3.879"/>
</testsuite> <!-- testNGEx.Demoblaze -->
