<?xml version="1.0" encoding="UTF-8"?>
<!-- Generated by org.testng.reporters.JUnitReportReporter -->
<testsuite hostname="LAPTOP-EJPGAELM" failures="0" tests="3" name="testNGEx.AssertDemo" time="18.423" errors="0" timestamp="2026-04-20T15:52:39 IST" skipped="0">
  <testcase classname="testNGEx.AssertDemo" name="valid" time="6.919"/>
  <testcase classname="testNGEx.AssertDemo" name="PasswordWrong" time="6.073"/>
  <testcase classname="testNGEx.AssertDemo" name="LoginWrong" time="5.431"/>
</testsuite> <!-- testNGEx.AssertDemo -->
