<?xml version="1.0" encoding="UTF-8"?>
<!-- Generated by org.testng.reporters.JUnitReportReporter -->
<testsuite hostname="LAPTOP-EJPGAELM" failures="0" tests="3" name="testNGEx.EnabledTest" time="4.146" errors="0" timestamp="2026-04-22T14:17:33 IST" skipped="1">
  <testcase classname="testNGEx.EnabledTest" name="Valid" time="2.170"/>
  <testcase classname="testNGEx.EnabledTest" name="LoginWrong" time="1.976"/>
  <testcase classname="testNGEx.EnabledTest" name="PasswordWrong">
    <skipped/>
  </testcase> <!-- PasswordWrong -->
</testsuite> <!-- testNGEx.EnabledTest -->
