<?xml version="1.0" encoding="UTF-8"?>
<!-- Generated by org.testng.reporters.JUnitReportReporter -->
<testsuite hostname="LAPTOP-EJPGAELM" failures="0" tests="3" name="testNGEx.GroupsFormatting" time="13.754" errors="0" timestamp="2026-04-20T15:52:39 IST" skipped="0">
  <testcase classname="testNGEx.GroupsFormatting" name="Valid" time="5.129"/>
  <testcase classname="testNGEx.GroupsFormatting" name="PasswordWrong" time="4.235"/>
  <testcase classname="testNGEx.GroupsFormatting" name="LoginWrong" time="4.390"/>
</testsuite> <!-- testNGEx.GroupsFormatting -->
