<?xml version="1.0" encoding="UTF-8"?>
<!-- Generated by org.testng.reporters.JUnitReportReporter -->
<testsuite hostname="LAPTOP-EJPGAELM" failures="0" tests="3" name="testNGEx.Test_Assertions" time="22.384" errors="0" timestamp="2026-04-20T15:52:39 IST" skipped="0">
  <testcase classname="testNGEx.Test_Assertions" name="valid" time="7.219"/>
  <testcase classname="testNGEx.Test_Assertions" name="LoginWrong" time="8.270"/>
  <testcase classname="testNGEx.Test_Assertions" name="PasswordWrong" time="6.895"/>
</testsuite> <!-- testNGEx.Test_Assertions -->
