<?xml version="1.0" encoding="UTF-8"?>
<!-- Generated by org.testng.reporters.JUnitReportReporter -->
<testsuite hostname="LAPTOP-EJPGAELM" failures="0" tests="3" name="testNGEx.Test_Assertions" time="12.766" errors="0" timestamp="2026-04-22T14:17:33 IST" skipped="0">
  <testcase classname="testNGEx.Test_Assertions" name="LoginWrong" time="3.972"/>
  <testcase classname="testNGEx.Test_Assertions" name="valid" time="4.904"/>
  <testcase classname="testNGEx.Test_Assertions" name="PasswordWrong" time="3.890"/>
</testsuite> <!-- testNGEx.Test_Assertions -->
