<?xml version="1.0" encoding="UTF-8"?>
<!-- Generated by org.testng.reporters.JUnitReportReporter -->
<testsuite hostname="LAPTOP-EJPGAELM" failures="0" tests="4" name="com.tests.Ninjatests" time="24.039" errors="0" timestamp="2026-04-22T10:26:29 IST" skipped="0">
  <testcase classname="com.tests.Ninjatests" name="invalidLogin" time="6.093"/>
  <testcase classname="com.tests.Ninjatests" name="searchMacProducts" time="5.236"/>
  <testcase classname="com.tests.Ninjatests" name="validLogin" time="6.933"/>
  <testcase classname="com.tests.Ninjatests" name="invalidLogin" time="5.777"/>
</testsuite> <!-- com.tests.Ninjatests -->
