<?xml version="1.0" encoding="UTF-8"?>
<!-- Generated by org.testng.reporters.JUnitReportReporter -->
<testsuite hostname="LAPTOP-EJPGAELM" failures="0" tests="5" name="com.tests.Ninjatests" time="48.413" errors="0" timestamp="2026-04-27T20:47:28 IST" skipped="0">
  <testcase classname="com.tests.Ninjatests" name="searchValidProduct" time="10.721"/>
  <testcase classname="com.tests.Ninjatests" name="invalidLogin" time="10.212"/>
  <testcase classname="com.tests.Ninjatests" name="searchInvalidProduct" time="6.116"/>
  <testcase classname="com.tests.Ninjatests" name="validLogin" time="9.676"/>
  <testcase classname="com.tests.Ninjatests" name="invalidLogin" time="11.688"/>
</testsuite> <!-- com.tests.Ninjatests -->
