<?xml version="1.0" encoding="UTF-8"?>
<!-- Generated by org.testng.reporters.JUnitXMLReporter -->
<testsuite ignored="0" hostname="LAPTOP-EJPGAELM" failures="1" tests="1" name="Default test" time="11.904" errors="0" timestamp="2026-05-10T23:26:27 IST">
  <testcase classname="io.cucumber.testng.AbstractTestNGCucumberTests" name="runScenario" time="10.611">
    <failure type="java.lang.Error" message="Unresolved compilation problem: 
	login cannot be resolved or is not a field
">
      <![CDATA[java.lang.Error: Unresolved compilation problem: 
login cannot be resolved or is not a field

at com.actions.LoginPageActions.clickLogin(LoginPageActions.java:28)
at com.actions.LoginPageActions.login(LoginPageActions.java:50)
at com.definitions.LoginPageDefinitions.the_users_enters_username_and_password(LoginPageDefinitions.java:24)
at ✽.the users enters username and password(file:///C:/Selenium/CucumberPageObjectModel/src/test/resources/Features/LoginPage.feature:6)
]]>
    </failure>
  </testcase> <!-- runScenario -->
</testsuite> <!-- Default test -->
