<?xml version="1.0" encoding="UTF-8"?>
<!-- Generated by org.testng.reporters.JUnitXMLReporter -->
<testsuite ignored="0" hostname="LAPTOP-EJPGAELM" failures="0" tests="4" name="Default test" time="17.336" errors="0" timestamp="2026-04-22T10:26:29 IST">
  <testcase classname="com.tests.Ninjatests" name="invalidLogin" time="3.636"/>
  <testcase classname="com.tests.Ninjatests" name="invalidLogin" time="3.661"/>
  <testcase classname="com.tests.Ninjatests" name="searchMacProducts" time="0.665"/>
  <testcase classname="com.tests.Ninjatests" name="validLogin" time="2.343"/>
</testsuite> <!-- Default test -->
