<?xml version="1.0" encoding="UTF-8"?>
<!-- Generated by org.testng.reporters.JUnitXMLReporter -->
<testsuite ignored="2" hostname="LAPTOP-EJPGAELM" failures="0" tests="1" name="Default test" time="6.456" errors="0" timestamp="2026-05-13T12:04:28 IST">
  <testcase classname="testNGEx.dependsonMethodTest" name="validation" time="1.063"/>
  <testcase classname="testNGEx.dependsonMethodTest" name="validation_1" time="0.0">
    <ignored/>
  </testcase> <!-- validation_1 -->
  <testcase classname="testNGEx.dependsonMethodTest" name="validation_2" time="0.0">
    <ignored/>
  </testcase> <!-- validation_2 -->
</testsuite> <!-- Default test -->
