<?xml version="1.0" encoding="UTF-8"?>
<!-- Generated by org.testng.reporters.JUnitXMLReporter -->
<testsuite ignored="0" hostname="LAPTOP-EJPGAELM" failures="0" tests="3" name="Default test" time="16.611" errors="0" timestamp="2026-04-17T16:25:53 IST">
  <testcase classname="testNGEx.AssertDemo" name="LoginWrong" time="2.381"/>
  <testcase classname="testNGEx.AssertDemo" name="PasswordWrong" time="1.747"/>
  <testcase classname="testNGEx.AssertDemo" name="valid" time="2.406"/>
</testsuite> <!-- Default test -->
