<?xml version="1.0" encoding="UTF-8"?>
<!-- Generated by org.testng.reporters.JUnitXMLReporter -->
<testsuite ignored="0" hostname="LAPTOP-EJPGAELM" failures="1" tests="1" name="Device1" time="12.528" errors="0" timestamp="2026-06-18T16:15:28 IST">
  <testcase classname="com.tests.CalculatorParallelTest" name="testCalculator" time="12.452">
    <failure type="org.openqa.selenium.NoSuchElementException" message="An element could not be located on the page using the given search parameters.
For documentation on this error, please visit: https://www.selenium.dev/documentation/webdriver/troubleshooting/errors#nosuchelementexception
Build info: version: &amp;apos;4.45.0&amp;apos;, revision: &amp;apos;cd6a3cd cd6a3cdfca6970f62e5bc8344109d0fe0e2af05e&amp;apos;
System info: os.name: &amp;apos;Windows 11&amp;apos;, os.arch: &amp;apos;amd64&amp;apos;, os.version: &amp;apos;10.0&amp;apos;, java.version: &amp;apos;22.0.1&amp;apos;
Driver info: io.appium.java_client.android.AndroidDriver
Command: [1d42568d-fe87-40c5-adce-eaacd9c26048, findElement {value=com.vivo.calculator:id/digit1, using=id}]
Capabilities {appium:appActivity: com.vivo.calculator.Calculator, appium:appPackage: com.vivo.calculator, appium:automationName: UiAutomator2, appium:databaseEnabled: false, appium:desired: {appActivity: com.vivo.calculator.Calculator, appPackage: com.vivo.calculator, automationName: UiAutomator2, noReset: true, platformName: ANDROID, udid: 96483105520006T}, appium:deviceApiLevel: 31, appium:deviceManufacturer: vivo, appium:deviceModel: V2111, appium:deviceName: 96483105520006T, appium:deviceScreenDensity: 300, appium:deviceScreenSize: 720x1600, appium:deviceUDID: 96483105520006T, appium:javascriptEnabled: true, appium:locationContextEnabled: false, appium:networkConnectionEnabled: true, appium:noReset: true, appium:pixelRatio: 1.875, appium:platformVersion: 12, appium:statBarHeight: 60, appium:takesScreenshot: true, appium:udid: 96483105520006T, appium:viewportRect: {height: 1540, left: 0, top: 60, width: 720}, appium:warnings: {}, appium:webStorageEnabled: false, platformName: ANDROID}
Session ID: 1d42568d-fe87-40c5-adce-eaacd9c26048">
      <![CDATA[org.openqa.selenium.NoSuchElementException: An element could not be located on the page using the given search parameters.
For documentation on this error, please visit: https://www.selenium.dev/documentation/webdriver/troubleshooting/errors#nosuchelementexception
Build info: version: '4.45.0', revision: 'cd6a3cd cd6a3cdfca6970f62e5bc8344109d0fe0e2af05e'
System info: os.name: 'Windows 11', os.arch: 'amd64', os.version: '10.0', java.version: '22.0.1'
Driver info: io.appium.java_client.android.AndroidDriver
Command: [1d42568d-fe87-40c5-adce-eaacd9c26048, findElement {value=com.vivo.calculator:id/digit1, using=id}]
Capabilities {appium:appActivity: com.vivo.calculator.Calculator, appium:appPackage: com.vivo.calculator, appium:automationName: UiAutomator2, appium:databaseEnabled: false, appium:desired: {appActivity: com.vivo.calculator.Calculator, appPackage: com.vivo.calculator, automationName: UiAutomator2, noReset: true, platformName: ANDROID, udid: 96483105520006T}, appium:deviceApiLevel: 31, appium:deviceManufacturer: vivo, appium:deviceModel: V2111, appium:deviceName: 96483105520006T, appium:deviceScreenDensity: 300, appium:deviceScreenSize: 720x1600, appium:deviceUDID: 96483105520006T, appium:javascriptEnabled: true, appium:locationContextEnabled: false, appium:networkConnectionEnabled: true, appium:noReset: true, appium:pixelRatio: 1.875, appium:platformVersion: 12, appium:statBarHeight: 60, appium:takesScreenshot: true, appium:udid: 96483105520006T, appium:viewportRect: {height: 1540, left: 0, top: 60, width: 720}, appium:warnings: {}, appium:webStorageEnabled: false, platformName: ANDROID}
Session ID: 1d42568d-fe87-40c5-adce-eaacd9c26048
at org.openqa.selenium.remote.ErrorCodec.decode(ErrorCodec.java:169)
at org.openqa.selenium.remote.codec.w3c.W3CHttpResponseCodec.decode(W3CHttpResponseCodec.java:143)
at org.openqa.selenium.remote.codec.w3c.W3CHttpResponseCodec.decode(W3CHttpResponseCodec.java:50)
at org.openqa.selenium.remote.HttpCommandExecutor.execute(HttpCommandExecutor.java:196)
at io.appium.java_client.remote.AppiumCommandExecutor.execute(AppiumCommandExecutor.java:243)
at org.openqa.selenium.remote.RemoteWebDriver.execute(RemoteWebDriver.java:575)
at org.openqa.selenium.remote.ElementLocation$ElementFinder$2.findElement(ElementLocation.java:173)
at org.openqa.selenium.remote.ElementLocation.findElement(ElementLocation.java:67)
at org.openqa.selenium.remote.RemoteWebDriver.findElement(RemoteWebDriver.java:396)
at org.openqa.selenium.remote.RemoteWebDriver.findElement(RemoteWebDriver.java:390)
at com.tests.CalculatorParallelTest.testCalculator(CalculatorParallelTest.java:26)
at java.base/java.util.ArrayList.forEach(ArrayList.java:1597)
at java.base/java.util.concurrent.FutureTask.run(FutureTask.java:317)
at java.base/java.util.concurrent.ThreadPoolExecutor.runWorker(ThreadPoolExecutor.java:1144)
at java.base/java.util.concurrent.ThreadPoolExecutor$Worker.run(ThreadPoolExecutor.java:642)
at java.base/java.lang.Thread.run(Thread.java:1570)
... Removed 15 stack frames]]>
    </failure>
  </testcase> <!-- testCalculator -->
</testsuite> <!-- Device1 -->
